c:\users\ulrich chopen\desktop\repos\build\windows\vc2013\aa\release\createclassdata.obj
c:\users\ulrich chopen\desktop\repos\build\windows\vc2013\aa\release\control.obj
c:\users\ulrich chopen\desktop\repos\build\windows\vc2013\aa\release\config.obj
c:\users\ulrich chopen\desktop\repos\build\windows\vc2013\aa\release\comwin.obj
c:\users\ulrich chopen\desktop\repos\build\windows\vc2013\aa\release\colorize.obj
c:\users\ulrich chopen\desktop\repos\build\windows\vc2013\aa\release\color.obj
c:\users\ulrich chopen\desktop\repos\build\windows\vc2013\aa\release\cmdqueue.obj
c:\users\ulrich chopen\desktop\repos\build\windows\vc2013\aa\release\cli_send.obj
c:\users\ulrich chopen\desktop\repos\build\windows\vc2013\aa\release\cli_recv.obj
c:\users\ulrich chopen\desktop\repos\build\windows\vc2013\aa\release\client.obj
c:\users\ulrich chopen\desktop\repos\build\windows\vc2013\aa\release\button.obj
c:\users\ulrich chopen\desktop\repos\build\windows\vc2013\aa\release\bitmaploader.obj
c:\users\ulrich chopen\desktop\repos\build\windows\vc2013\aa\release\banner.obj
c:\users\ulrich chopen\desktop\repos\build\windows\vc2013\aa\release\bankui.obj
c:\users\ulrich chopen\desktop\repos\build\windows\vc2013\aa\release\areasnd.obj
c:\users\ulrich chopen\desktop\repos\build\windows\vc2013\aa\release\activity.obj
c:\users\ulrich chopen\desktop\repos\build\windows\vc2013\aa\release\3d_view.obj
c:\users\ulrich chopen\desktop\repos\build\windows\vc2013\aa\release\3d_trig.obj
c:\users\ulrich chopen\desktop\repos\build\windows\vc2013\aa\release\3d_io.obj
c:\users\ulrich chopen\desktop\repos\build\windows\vc2013\aa\release\3d_colli.obj
c:\users\ulrich chopen\desktop\repos\build\windows\vc2013\aa\release\keyboard.obj
c:\users\ulrich chopen\desktop\repos\build\windows\vc2013\aa\release\inventor.obj
c:\users\ulrich chopen\desktop\repos\build\windows\vc2013\aa\release\innui.obj
c:\users\ulrich chopen\desktop\repos\build\windows\vc2013\aa\release\inifile.obj
c:\users\ulrich chopen\desktop\repos\build\windows\vc2013\aa\release\houseui.obj
c:\users\ulrich chopen\desktop\repos\build\windows\vc2013\aa\release\hardform.obj
c:\users\ulrich chopen\desktop\repos\build\windows\vc2013\aa\release\guildui.obj
c:\users\ulrich chopen\desktop\repos\build\windows\vc2013\aa\release\graphics.obj
c:\users\ulrich chopen\desktop\repos\build\windows\vc2013\aa\release\graphic.obj
c:\users\ulrich chopen\desktop\repos\build\windows\vc2013\aa\release\form.obj
c:\users\ulrich chopen\desktop\repos\build\windows\vc2013\aa\release\file.obj
c:\users\ulrich chopen\desktop\repos\build\windows\vc2013\aa\release\escmenu.obj
c:\users\ulrich chopen\desktop\repos\build\windows\vc2013\aa\release\efx.obj
c:\users\ulrich chopen\desktop\repos\build\windows\vc2013\aa\release\effect.obj
c:\users\ulrich chopen\desktop\repos\build\windows\vc2013\aa\release\door.obj
c:\users\ulrich chopen\desktop\repos\build\windows\vc2013\aa\release\ditalk.obj
c:\users\ulrich chopen\desktop\repos\build\windows\vc2013\aa\release\debug.obj
c:\users\ulrich chopen\desktop\repos\build\windows\vc2013\aa\release\dbllink.obj
c:\users\ulrich chopen\desktop\repos\build\windows\vc2013\aa\release\csyncpck.obj
c:\users\ulrich chopen\desktop\repos\build\windows\vc2013\aa\release\crelogic.obj
c:\users\ulrich chopen\desktop\repos\build\windows\vc2013\aa\release\pics.obj
c:\users\ulrich chopen\desktop\repos\build\windows\vc2013\aa\release\peophere.obj
c:\users\ulrich chopen\desktop\repos\build\windows\vc2013\aa\release\packetpr.obj
c:\users\ulrich chopen\desktop\repos\build\windows\vc2013\aa\release\packetdt.obj
c:\users\ulrich chopen\desktop\repos\build\windows\vc2013\aa\release\overlay.obj
c:\users\ulrich chopen\desktop\repos\build\windows\vc2013\aa\release\overhead.obj
c:\users\ulrich chopen\desktop\repos\build\windows\vc2013\aa\release\objtype.obj
c:\users\ulrich chopen\desktop\repos\build\windows\vc2013\aa\release\objmove.obj
c:\users\ulrich chopen\desktop\repos\build\windows\vc2013\aa\release\objgen.obj
c:\users\ulrich chopen\desktop\repos\build\windows\vc2013\aa\release\object.obj
c:\users\ulrich chopen\desktop\repos\build\windows\vc2013\aa\release\notes.obj
c:\users\ulrich chopen\desktop\repos\build\windows\vc2013\aa\release\mousemod.obj
c:\users\ulrich chopen\desktop\repos\build\windows\vc2013\aa\release\message.obj
c:\users\ulrich chopen\desktop\repos\build\windows\vc2013\aa\release\memory.obj
c:\users\ulrich chopen\desktop\repos\build\windows\vc2013\aa\release\mapanim.obj
c:\users\ulrich chopen\desktop\repos\build\windows\vc2013\aa\release\map.obj
c:\users\ulrich chopen\desktop\repos\build\windows\vc2013\aa\release\mainui.obj
c:\users\ulrich chopen\desktop\repos\build\windows\vc2013\aa\release\look.obj
c:\users\ulrich chopen\desktop\repos\build\windows\vc2013\aa\release\light.obj
c:\users\ulrich chopen\desktop\repos\build\windows\vc2013\aa\release\keymap.obj
c:\users\ulrich chopen\desktop\repos\build\windows\vc2013\aa\release\sqrtdat.obj
c:\users\ulrich chopen\desktop\repos\build\windows\vc2013\aa\release\spells.obj
c:\users\ulrich chopen\desktop\repos\build\windows\vc2013\aa\release\sound.obj
c:\users\ulrich chopen\desktop\repos\build\windows\vc2013\aa\release\sosez.obj
c:\users\ulrich chopen\desktop\repos\build\windows\vc2013\aa\release\smmain.obj
c:\users\ulrich chopen\desktop\repos\build\windows\vc2013\aa\release\smcplay.obj
c:\users\ulrich chopen\desktop\repos\build\windows\vc2013\aa\release\smcchoos.obj
c:\users\ulrich chopen\desktop\repos\build\windows\vc2013\aa\release\smachine.obj
c:\users\ulrich chopen\desktop\repos\build\windows\vc2013\aa\release\slidr.obj
c:\users\ulrich chopen\desktop\repos\build\windows\vc2013\aa\release\slider.obj
c:\users\ulrich chopen\desktop\repos\build\windows\vc2013\aa\release\serversh.obj
c:\users\ulrich chopen\desktop\repos\build\windows\vc2013\aa\release\server.obj
c:\users\ulrich chopen\desktop\repos\build\windows\vc2013\aa\release\script.obj
c:\users\ulrich chopen\desktop\repos\build\windows\vc2013\aa\release\scrform.obj
c:\users\ulrich chopen\desktop\repos\build\windows\vc2013\aa\release\schedule.obj
c:\users\ulrich chopen\desktop\repos\build\windows\vc2013\aa\release\resource.obj
c:\users\ulrich chopen\desktop\repos\build\windows\vc2013\aa\release\random.obj
c:\users\ulrich chopen\desktop\repos\build\windows\vc2013\aa\release\prompt.obj
c:\users\ulrich chopen\desktop\repos\build\windows\vc2013\aa\release\profile.obj
c:\users\ulrich chopen\desktop\repos\build\windows\vc2013\aa\release\player.obj
c:\users\ulrich chopen\desktop\repos\build\windows\vc2013\aa\release\misc.obj
c:\users\ulrich chopen\desktop\repos\build\windows\vc2013\aa\release\main.obj
c:\users\ulrich chopen\desktop\repos\build\windows\vc2013\aa\release\vm.obj
c:\users\ulrich chopen\desktop\repos\build\windows\vc2013\aa\release\view.obj
c:\users\ulrich chopen\desktop\repos\build\windows\vc2013\aa\release\update.obj
c:\users\ulrich chopen\desktop\repos\build\windows\vc2013\aa\release\uitext.obj
c:\users\ulrich chopen\desktop\repos\build\windows\vc2013\aa\release\uibutton.obj
c:\users\ulrich chopen\desktop\repos\build\windows\vc2013\aa\release\ui.obj
c:\users\ulrich chopen\desktop\repos\build\windows\vc2013\aa\release\txtfld.obj
c:\users\ulrich chopen\desktop\repos\build\windows\vc2013\aa\release\txtbox.obj
c:\users\ulrich chopen\desktop\repos\build\windows\vc2013\aa\release\townui.obj
c:\users\ulrich chopen\desktop\repos\build\windows\vc2013\aa\release\ticker.obj
c:\users\ulrich chopen\desktop\repos\build\windows\vc2013\aa\release\text.obj
c:\users\ulrich chopen\desktop\repos\build\windows\vc2013\aa\release\testme.obj
c:\users\ulrich chopen\desktop\repos\build\windows\vc2013\aa\release\synctime.obj
c:\users\ulrich chopen\desktop\repos\build\windows\vc2013\aa\release\syncmem.obj
c:\users\ulrich chopen\desktop\repos\build\windows\vc2013\aa\release\store.obj
c:\users\ulrich chopen\desktop\repos\build\windows\vc2013\aa\release\stats.obj
c:\users\ulrich chopen\desktop\repos\build\windows\vc2013\aa\release\direct.obj
c:\users\ulrich chopen\desktop\repos\build\windows\vc2013\aa\release\ipx_client.obj
c:\users\ulrich chopen\desktop\repos\build\windows\vc2013\aa\release\vc120.pdb
c:\users\ulrich chopen\desktop\repos\build\windows\vc2013\aa\release\aa.exe
c:\users\ulrich chopen\desktop\repos\build\windows\vc2013\aa\release\app.res
c:\users\ulrich chopen\desktop\repos\build\windows\vc2013\aa\release\aa.tlog\cl.command.1.tlog
c:\users\ulrich chopen\desktop\repos\build\windows\vc2013\aa\release\aa.tlog\cl.read.1.tlog
c:\users\ulrich chopen\desktop\repos\build\windows\vc2013\aa\release\aa.tlog\cl.write.1.tlog
c:\users\ulrich chopen\desktop\repos\build\windows\vc2013\aa\release\aa.tlog\link.command.1.tlog
c:\users\ulrich chopen\desktop\repos\build\windows\vc2013\aa\release\aa.tlog\link.read.1.tlog
c:\users\ulrich chopen\desktop\repos\build\windows\vc2013\aa\release\aa.tlog\link.write.1.tlog
c:\users\ulrich chopen\desktop\repos\build\windows\vc2013\aa\release\aa.tlog\rc.command.1.tlog
c:\users\ulrich chopen\desktop\repos\build\windows\vc2013\aa\release\aa.tlog\rc.read.1.tlog
c:\users\ulrich chopen\desktop\repos\build\windows\vc2013\aa\release\aa.tlog\rc.write.1.tlog
