c:\users\ulrich chopen\desktop\repos\build\windows\vc2013\aa\debug\vc120.pdb
c:\users\ulrich chopen\desktop\repos\build\windows\vc2013\aa\debug\createclassdata.obj
c:\users\ulrich chopen\desktop\repos\build\windows\vc2013\aa\debug\control.obj
c:\users\ulrich chopen\desktop\repos\build\windows\vc2013\aa\debug\config.obj
c:\users\ulrich chopen\desktop\repos\build\windows\vc2013\aa\debug\comwin.obj
c:\users\ulrich chopen\desktop\repos\build\windows\vc2013\aa\debug\colorize.obj
c:\users\ulrich chopen\desktop\repos\build\windows\vc2013\aa\debug\color.obj
c:\users\ulrich chopen\desktop\repos\build\windows\vc2013\aa\debug\cmdqueue.obj
c:\users\ulrich chopen\desktop\repos\build\windows\vc2013\aa\debug\cli_send.obj
c:\users\ulrich chopen\desktop\repos\build\windows\vc2013\aa\debug\cli_recv.obj
c:\users\ulrich chopen\desktop\repos\build\windows\vc2013\aa\debug\client.obj
c:\users\ulrich chopen\desktop\repos\build\windows\vc2013\aa\debug\button.obj
c:\users\ulrich chopen\desktop\repos\build\windows\vc2013\aa\debug\bitmaploader.obj
c:\users\ulrich chopen\desktop\repos\build\windows\vc2013\aa\debug\banner.obj
c:\users\ulrich chopen\desktop\repos\build\windows\vc2013\aa\debug\bankui.obj
c:\users\ulrich chopen\desktop\repos\build\windows\vc2013\aa\debug\areasnd.obj
c:\users\ulrich chopen\desktop\repos\build\windows\vc2013\aa\debug\activity.obj
c:\users\ulrich chopen\desktop\repos\build\windows\vc2013\aa\debug\3d_view.obj
c:\users\ulrich chopen\desktop\repos\build\windows\vc2013\aa\debug\3d_trig.obj
c:\users\ulrich chopen\desktop\repos\build\windows\vc2013\aa\debug\3d_io.obj
c:\users\ulrich chopen\desktop\repos\build\windows\vc2013\aa\debug\3d_colli.obj
c:\users\ulrich chopen\desktop\repos\build\windows\vc2013\aa\debug\keyboard.obj
c:\users\ulrich chopen\desktop\repos\build\windows\vc2013\aa\debug\inventor.obj
c:\users\ulrich chopen\desktop\repos\build\windows\vc2013\aa\debug\innui.obj
c:\users\ulrich chopen\desktop\repos\build\windows\vc2013\aa\debug\inifile.obj
c:\users\ulrich chopen\desktop\repos\build\windows\vc2013\aa\debug\houseui.obj
c:\users\ulrich chopen\desktop\repos\build\windows\vc2013\aa\debug\hardform.obj
c:\users\ulrich chopen\desktop\repos\build\windows\vc2013\aa\debug\guildui.obj
c:\users\ulrich chopen\desktop\repos\build\windows\vc2013\aa\debug\graphics.obj
c:\users\ulrich chopen\desktop\repos\build\windows\vc2013\aa\debug\graphic.obj
c:\users\ulrich chopen\desktop\repos\build\windows\vc2013\aa\debug\form.obj
c:\users\ulrich chopen\desktop\repos\build\windows\vc2013\aa\debug\file.obj
c:\users\ulrich chopen\desktop\repos\build\windows\vc2013\aa\debug\escmenu.obj
c:\users\ulrich chopen\desktop\repos\build\windows\vc2013\aa\debug\efx.obj
c:\users\ulrich chopen\desktop\repos\build\windows\vc2013\aa\debug\effect.obj
c:\users\ulrich chopen\desktop\repos\build\windows\vc2013\aa\debug\door.obj
c:\users\ulrich chopen\desktop\repos\build\windows\vc2013\aa\debug\ditalk.obj
c:\users\ulrich chopen\desktop\repos\build\windows\vc2013\aa\debug\debug.obj
c:\users\ulrich chopen\desktop\repos\build\windows\vc2013\aa\debug\dbllink.obj
c:\users\ulrich chopen\desktop\repos\build\windows\vc2013\aa\debug\csyncpck.obj
c:\users\ulrich chopen\desktop\repos\build\windows\vc2013\aa\debug\crelogic.obj
c:\users\ulrich chopen\desktop\repos\build\windows\vc2013\aa\debug\pics.obj
c:\users\ulrich chopen\desktop\repos\build\windows\vc2013\aa\debug\peophere.obj
c:\users\ulrich chopen\desktop\repos\build\windows\vc2013\aa\debug\packetpr.obj
c:\users\ulrich chopen\desktop\repos\build\windows\vc2013\aa\debug\packetdt.obj
c:\users\ulrich chopen\desktop\repos\build\windows\vc2013\aa\debug\overlay.obj
c:\users\ulrich chopen\desktop\repos\build\windows\vc2013\aa\debug\overhead.obj
c:\users\ulrich chopen\desktop\repos\build\windows\vc2013\aa\debug\objtype.obj
c:\users\ulrich chopen\desktop\repos\build\windows\vc2013\aa\debug\objmove.obj
c:\users\ulrich chopen\desktop\repos\build\windows\vc2013\aa\debug\objgen.obj
c:\users\ulrich chopen\desktop\repos\build\windows\vc2013\aa\debug\object.obj
c:\users\ulrich chopen\desktop\repos\build\windows\vc2013\aa\debug\notes.obj
c:\users\ulrich chopen\desktop\repos\build\windows\vc2013\aa\debug\mousemod.obj
c:\users\ulrich chopen\desktop\repos\build\windows\vc2013\aa\debug\message.obj
c:\users\ulrich chopen\desktop\repos\build\windows\vc2013\aa\debug\memory.obj
c:\users\ulrich chopen\desktop\repos\build\windows\vc2013\aa\debug\mapanim.obj
c:\users\ulrich chopen\desktop\repos\build\windows\vc2013\aa\debug\map.obj
c:\users\ulrich chopen\desktop\repos\build\windows\vc2013\aa\debug\mainui.obj
c:\users\ulrich chopen\desktop\repos\build\windows\vc2013\aa\debug\look.obj
c:\users\ulrich chopen\desktop\repos\build\windows\vc2013\aa\debug\light.obj
c:\users\ulrich chopen\desktop\repos\build\windows\vc2013\aa\debug\keymap.obj
c:\users\ulrich chopen\desktop\repos\build\windows\vc2013\aa\debug\sqrtdat.obj
c:\users\ulrich chopen\desktop\repos\build\windows\vc2013\aa\debug\spells.obj
c:\users\ulrich chopen\desktop\repos\build\windows\vc2013\aa\debug\sound.obj
c:\users\ulrich chopen\desktop\repos\build\windows\vc2013\aa\debug\sosez.obj
c:\users\ulrich chopen\desktop\repos\build\windows\vc2013\aa\debug\smmain.obj
c:\users\ulrich chopen\desktop\repos\build\windows\vc2013\aa\debug\smcplay.obj
c:\users\ulrich chopen\desktop\repos\build\windows\vc2013\aa\debug\smcchoos.obj
c:\users\ulrich chopen\desktop\repos\build\windows\vc2013\aa\debug\smachine.obj
c:\users\ulrich chopen\desktop\repos\build\windows\vc2013\aa\debug\slidr.obj
c:\users\ulrich chopen\desktop\repos\build\windows\vc2013\aa\debug\slider.obj
c:\users\ulrich chopen\desktop\repos\build\windows\vc2013\aa\debug\serversh.obj
c:\users\ulrich chopen\desktop\repos\build\windows\vc2013\aa\debug\server.obj
c:\users\ulrich chopen\desktop\repos\build\windows\vc2013\aa\debug\script.obj
c:\users\ulrich chopen\desktop\repos\build\windows\vc2013\aa\debug\scrform.obj
c:\users\ulrich chopen\desktop\repos\build\windows\vc2013\aa\debug\schedule.obj
c:\users\ulrich chopen\desktop\repos\build\windows\vc2013\aa\debug\resource.obj
c:\users\ulrich chopen\desktop\repos\build\windows\vc2013\aa\debug\random.obj
c:\users\ulrich chopen\desktop\repos\build\windows\vc2013\aa\debug\prompt.obj
c:\users\ulrich chopen\desktop\repos\build\windows\vc2013\aa\debug\profile.obj
c:\users\ulrich chopen\desktop\repos\build\windows\vc2013\aa\debug\player.obj
c:\users\ulrich chopen\desktop\repos\build\windows\vc2013\aa\debug\misc.obj
c:\users\ulrich chopen\desktop\repos\build\windows\vc2013\aa\debug\main.obj
c:\users\ulrich chopen\desktop\repos\build\windows\vc2013\aa\debug\vm.obj
c:\users\ulrich chopen\desktop\repos\build\windows\vc2013\aa\debug\view.obj
c:\users\ulrich chopen\desktop\repos\build\windows\vc2013\aa\debug\update.obj
c:\users\ulrich chopen\desktop\repos\build\windows\vc2013\aa\debug\uitext.obj
c:\users\ulrich chopen\desktop\repos\build\windows\vc2013\aa\debug\uibutton.obj
c:\users\ulrich chopen\desktop\repos\build\windows\vc2013\aa\debug\ui.obj
c:\users\ulrich chopen\desktop\repos\build\windows\vc2013\aa\debug\txtfld.obj
c:\users\ulrich chopen\desktop\repos\build\windows\vc2013\aa\debug\txtbox.obj
c:\users\ulrich chopen\desktop\repos\build\windows\vc2013\aa\debug\townui.obj
c:\users\ulrich chopen\desktop\repos\build\windows\vc2013\aa\debug\ticker.obj
c:\users\ulrich chopen\desktop\repos\build\windows\vc2013\aa\debug\text.obj
c:\users\ulrich chopen\desktop\repos\build\windows\vc2013\aa\debug\testme.obj
c:\users\ulrich chopen\desktop\repos\build\windows\vc2013\aa\debug\synctime.obj
c:\users\ulrich chopen\desktop\repos\build\windows\vc2013\aa\debug\syncmem.obj
c:\users\ulrich chopen\desktop\repos\build\windows\vc2013\aa\debug\store.obj
c:\users\ulrich chopen\desktop\repos\build\windows\vc2013\aa\debug\stats.obj
c:\users\ulrich chopen\desktop\repos\build\windows\vc2013\aa\debug\direct.obj
c:\users\ulrich chopen\desktop\repos\build\windows\vc2013\aa\debug\ipx_client.obj
c:\users\ulrich chopen\desktop\repos\build\windows\vc2013\aa\debug\aa.ilk
c:\users\ulrich chopen\desktop\repos\build\windows\vc2013\aa\debug\aa.exe
c:\users\ulrich chopen\desktop\repos\build\windows\vc2013\aa\debug\aa.map
c:\users\ulrich chopen\desktop\repos\build\windows\vc2013\aa\debug\aa.pdb
c:\users\ulrich chopen\desktop\repos\build\windows\vc2013\aa\debug\app.res
c:\users\ulrich chopen\desktop\repos\build\windows\vc2013\aa\debug\aa.tlog\cl.command.1.tlog
c:\users\ulrich chopen\desktop\repos\build\windows\vc2013\aa\debug\aa.tlog\cl.read.1.tlog
c:\users\ulrich chopen\desktop\repos\build\windows\vc2013\aa\debug\aa.tlog\cl.write.1.tlog
c:\users\ulrich chopen\desktop\repos\build\windows\vc2013\aa\debug\aa.tlog\link.command.1.tlog
c:\users\ulrich chopen\desktop\repos\build\windows\vc2013\aa\debug\aa.tlog\link.read.1.tlog
c:\users\ulrich chopen\desktop\repos\build\windows\vc2013\aa\debug\aa.tlog\link.write.1.tlog
c:\users\ulrich chopen\desktop\repos\build\windows\vc2013\aa\debug\aa.tlog\rc.command.1.tlog
c:\users\ulrich chopen\desktop\repos\build\windows\vc2013\aa\debug\aa.tlog\rc.read.1.tlog
c:\users\ulrich chopen\desktop\repos\build\windows\vc2013\aa\debug\aa.tlog\rc.write.1.tlog
